<?xml version="1.0" encoding="UTF-8"?>
<testng-results ignored="0" total="6" passed="6" failed="0" skipped="0">
  <reporter-output>
  </reporter-output>
  <suite started-at="2019-02-28T06:12:29Z" name="Suite" finished-at="2019-02-28T06:12:29Z" duration-ms="105">
    <groups>
    </groups>
    <test started-at="2019-02-28T06:12:29Z" name="Test" finished-at="2019-02-28T06:12:29Z" duration-ms="105">
      <class name="Seleniumtraining.TC01_SeleniumTest">
        <test-method signature="BrowserAutomation()[pri:0, instance:Seleniumtraining.TC01_SeleniumTest@66d18979]" started-at="2019-02-28T06:12:29Z" name="BrowserAutomation" finished-at="2019-02-28T06:12:29Z" duration-ms="16" status="PASS">
          <reporter-output>
          </reporter-output>
        </test-method> <!-- BrowserAutomation -->
        <test-method signature="ElementUI()[pri:0, instance:Seleniumtraining.TC01_SeleniumTest@66d18979]" started-at="2019-02-28T06:12:29Z" name="ElementUI" finished-at="2019-02-28T06:12:29Z" duration-ms="5" status="PASS">
          <reporter-output>
          </reporter-output>
        </test-method> <!-- ElementUI -->
      </class> <!-- Seleniumtraining.TC01_SeleniumTest -->
      <class name="Seleniumtraining.TC03_AppiumTest">
        <test-method signature="IOSApps()[pri:0, instance:Seleniumtraining.TC03_AppiumTest@609cd4d8]" started-at="2019-02-28T06:12:29Z" name="IOSApps" finished-at="2019-02-28T06:12:29Z" duration-ms="3" status="PASS">
          <reporter-output>
          </reporter-output>
        </test-method> <!-- IOSApps -->
        <test-method signature="NativeAppAndroid()[pri:0, instance:Seleniumtraining.TC03_AppiumTest@609cd4d8]" started-at="2019-02-28T06:12:29Z" name="NativeAppAndroid" finished-at="2019-02-28T06:12:29Z" duration-ms="3" status="PASS">
          <reporter-output>
          </reporter-output>
        </test-method> <!-- NativeAppAndroid -->
      </class> <!-- Seleniumtraining.TC03_AppiumTest -->
      <class name="Seleniumtraining.TC02_RESTApiTest">
        <test-method signature="DeleteTwitter()[pri:0, instance:Seleniumtraining.TC02_RESTApiTest@bccb269]" started-at="2019-02-28T06:12:29Z" name="DeleteTwitter" finished-at="2019-02-28T06:12:29Z" duration-ms="2" status="PASS">
          <reporter-output>
          </reporter-output>
        </test-method> <!-- DeleteTwitter -->
        <test-method signature="postJira()[pri:0, instance:Seleniumtraining.TC02_RESTApiTest@bccb269]" started-at="2019-02-28T06:12:29Z" name="postJira" finished-at="2019-02-28T06:12:29Z" duration-ms="3" status="PASS">
          <reporter-output>
          </reporter-output>
        </test-method> <!-- postJira -->
      </class> <!-- Seleniumtraining.TC02_RESTApiTest -->
    </test> <!-- Test -->
  </suite> <!-- Suite -->
</testng-results>
