<?xml version="1.0" encoding="UTF-8"?>
<!-- Generated by org.testng.reporters.JUnitXMLReporter -->
<testsuite hostname="DESKTOP-5O266M1" ignored="0" name="Command line test" tests="6" failures="0" timestamp="28 Feb 2019 08:48:39 GMT" time="0.045" errors="0">
  <testcase name="BrowserAutomation" time="0.009" classname="Seleniumtraining.TC01_SeleniumTest"/>
  <testcase name="ElementUI" time="0.0" classname="Seleniumtraining.TC01_SeleniumTest"/>
  <testcase name="DeleteTwitter" time="0.0" classname="Seleniumtraining.TC02_RESTApiTest"/>
  <testcase name="postJira" time="0.001" classname="Seleniumtraining.TC02_RESTApiTest"/>
  <testcase name="IOSApps" time="0.0" classname="Seleniumtraining.TC03_AppiumTest"/>
  <testcase name="NativeAppAndroid" time="0.0" classname="Seleniumtraining.TC03_AppiumTest"/>
</testsuite> <!-- Command line test -->
