<?xml version="1.0" encoding="UTF-8"?>
<testsuite xmlns:xsi="http://www.w3.org/2001/XMLSchema-instance" xsi:noNamespaceSchemaLocation="https://maven.apache.org/surefire/maven-surefire-plugin/xsd/surefire-test-report-3.0.xsd" version="3.0" name="Seleniumtraining.TC01_SeleniumTest" time="0.622" tests="2" errors="0" skipped="0" failures="0">
  <properties>
[...]
</properties>
  <testcase name="BrowserAutomation" classname="Seleniumtraining.TC01_SeleniumTest" time="0.022"/>
  <testcase name="ElementUI" classname="Seleniumtraining.TC01_SeleniumTest" time="0.002"/>
</testsuite>