<?xml version="1.0" encoding="UTF-8"?>
<!-- Generated by org.testng.reporters.JUnitXMLReporter -->
<testsuite ignored="0" hostname="DESKTOP-5O266M1" failures="0" tests="4" name="Test" time="0.054" errors="0" timestamp="28 Feb. 2019 08:26:22 GMT">
  <testcase classname="Seleniumtraining.TC01_SeleniumTest" name="BrowserAutomation" time="0.016"/>
  <testcase classname="Seleniumtraining.TC01_SeleniumTest" name="ElementUI" time="0.001"/>
  <testcase classname="Seleniumtraining.TC02_RESTApiTest" name="DeleteTwitter" time="0.002"/>
  <testcase classname="Seleniumtraining.TC02_RESTApiTest" name="postJira" time="0.001"/>
</testsuite> <!-- Test -->
