<?xml version="1.0" encoding="UTF-8"?>
<testng-results ignored="0" total="5" passed="5" failed="0" skipped="0">
  <reporter-output>
  </reporter-output>
  <suite started-at="2019-02-28T06:06:11Z" name="Surefire suite" finished-at="2019-02-28T06:06:11Z" duration-ms="55">
    <groups>
    </groups>
    <test started-at="2019-02-28T06:06:11Z" name="Surefire test" finished-at="2019-02-28T06:06:11Z" duration-ms="55">
      <class name="Seleniumtraining.TC01_SeleniumTest">
        <test-method signature="ElementUI()[pri:0, instance:Seleniumtraining.TC01_SeleniumTest@1afd44cb]" started-at="2019-02-28T06:06:11Z" name="ElementUI" finished-at="2019-02-28T06:06:11Z" duration-ms="7" status="PASS">
          <reporter-output>
          </reporter-output>
        </test-method> <!-- ElementUI -->
      </class> <!-- Seleniumtraining.TC01_SeleniumTest -->
      <class name="Seleniumtraining.TC03_AppiumTest">
        <test-method signature="IOSApps()[pri:0, instance:Seleniumtraining.TC03_AppiumTest@1ab3a8c8]" started-at="2019-02-28T06:06:11Z" name="IOSApps" finished-at="2019-02-28T06:06:11Z" duration-ms="0" status="PASS">
          <reporter-output>
          </reporter-output>
        </test-method> <!-- IOSApps -->
        <test-method signature="NativeAppAndroid()[pri:0, instance:Seleniumtraining.TC03_AppiumTest@1ab3a8c8]" started-at="2019-02-28T06:06:11Z" name="NativeAppAndroid" finished-at="2019-02-28T06:06:11Z" duration-ms="0" status="PASS">
          <reporter-output>
          </reporter-output>
        </test-method> <!-- NativeAppAndroid -->
      </class> <!-- Seleniumtraining.TC03_AppiumTest -->
      <class name="Seleniumtraining.TC02_RESTApiTest">
        <test-method signature="DeleteTwitter()[pri:0, instance:Seleniumtraining.TC02_RESTApiTest@6973b51b]" started-at="2019-02-28T06:06:11Z" name="DeleteTwitter" finished-at="2019-02-28T06:06:11Z" duration-ms="0" status="PASS">
          <reporter-output>
          </reporter-output>
        </test-method> <!-- DeleteTwitter -->
        <test-method signature="postJira()[pri:0, instance:Seleniumtraining.TC02_RESTApiTest@6973b51b]" started-at="2019-02-28T06:06:11Z" name="postJira" finished-at="2019-02-28T06:06:11Z" duration-ms="0" status="PASS">
          <reporter-output>
          </reporter-output>
        </test-method> <!-- postJira -->
      </class> <!-- Seleniumtraining.TC02_RESTApiTest -->
    </test> <!-- Surefire test -->
  </suite> <!-- Surefire suite -->
</testng-results>
