<?xml version="1.0" encoding="UTF-8"?>
<testng-results ignored="0" total="1" passed="1" failed="0" skipped="0">
  <reporter-output>
  </reporter-output>
  <suite started-at="2019-02-28T06:06:11Z" name="Surefire suite" finished-at="2019-02-28T06:06:11Z" duration-ms="7">
    <groups>
    </groups>
    <test started-at="2019-02-28T06:06:11Z" name="Surefire test" finished-at="2019-02-28T06:06:11Z" duration-ms="7">
      <class name="Seleniumtraining.AppTest">
        <test-method signature="testApp()[pri:0, instance:testApp(Seleniumtraining.AppTest)]" started-at="2019-02-28T06:06:11Z" name="testApp" finished-at="2019-02-28T06:06:11Z" duration-ms="0" status="PASS">
          <reporter-output>
          </reporter-output>
        </test-method> <!-- testApp -->
      </class> <!-- Seleniumtraining.AppTest -->
    </test> <!-- Surefire test -->
  </suite> <!-- Surefire suite -->
</testng-results>
