<?xml version="1.0" encoding="UTF-8"?>
<!-- Generated by org.testng.reporters.JUnitXMLReporter -->
<testsuite ignored="0" hostname="DESKTOP-5O266M1" failures="0" tests="5" name="Surefire test" time="0.055" errors="0" timestamp="28 Feb. 2019 06:06:11 GMT">
  <testcase classname="Seleniumtraining.TC01_SeleniumTest" name="ElementUI" time="0.007"/>
  <testcase classname="Seleniumtraining.TC02_RESTApiTest" name="DeleteTwitter" time="0.0"/>
  <testcase classname="Seleniumtraining.TC02_RESTApiTest" name="postJira" time="0.0"/>
  <testcase classname="Seleniumtraining.TC03_AppiumTest" name="IOSApps" time="0.0"/>
  <testcase classname="Seleniumtraining.TC03_AppiumTest" name="NativeAppAndroid" time="0.0"/>
</testsuite> <!-- Surefire test -->
